<?xml version="1.0" encoding="UTF-8"?>
<!-- Generated by org.testng.reporters.JUnitXMLReporter -->
<testsuite hostname="DESKTOP-K74TRD8" name="Surefire test" tests="3" failures="0" timestamp="3 Jun 2022 07:56:30 GMT" time="6.383" errors="0">
  <testcase name="getMyTicket" time="3.695" classname="org.example.TestDeleteTicket_Ruchira"/>
  <testcase name="postBookTicket" time="0.857" classname="org.example.TestDeleteTicket_Ruchira"/>
  <testcase name="postDeleteTicket" time="0.444" classname="org.example.TestDeleteTicket_Ruchira"/>
</testsuite> <!-- Surefire test -->
