<?xml version="1.0" encoding="UTF-8"?>
<testng-results skipped="0" failed="0" total="3" passed="3">
  <reporter-output>
  </reporter-output>
  <suite name="Surefire suite" duration-ms="6383" started-at="2022-06-03T07:56:23Z" finished-at="2022-06-03T07:56:30Z">
    <groups>
    </groups>
    <test name="Surefire test" duration-ms="6383" started-at="2022-06-03T07:56:23Z" finished-at="2022-06-03T07:56:30Z">
      <class name="org.example.TestDeleteTicket_Ruchira">
        <test-method status="PASS" signature="startTest()[pri:0, instance:org.example.TestDeleteTicket_Ruchira@2ed94a8b]" name="startTest" is-config="true" duration-ms="8" started-at="2022-06-03T13:26:23Z" finished-at="2022-06-03T13:26:23Z">
          <reporter-output>
          </reporter-output>
        </test-method> <!-- startTest -->
        <test-method status="PASS" signature="setResponseSpecification()[pri:0, instance:org.example.TestDeleteTicket_Ruchira@2ed94a8b]" name="setResponseSpecification" is-config="true" duration-ms="1100" started-at="2022-06-03T13:26:23Z" finished-at="2022-06-03T13:26:24Z">
          <reporter-output>
          </reporter-output>
        </test-method> <!-- setResponseSpecification -->
        <test-method status="PASS" signature="getMyTicket()[pri:0, instance:org.example.TestDeleteTicket_Ruchira@2ed94a8b]" name="getMyTicket" duration-ms="3695" started-at="2022-06-03T13:26:24Z" finished-at="2022-06-03T13:26:28Z">
          <reporter-output>
          </reporter-output>
        </test-method> <!-- getMyTicket -->
        <test-method status="PASS" signature="postBookTicket()[pri:0, instance:org.example.TestDeleteTicket_Ruchira@2ed94a8b]" name="postBookTicket" duration-ms="857" started-at="2022-06-03T13:26:28Z" finished-at="2022-06-03T13:26:29Z">
          <reporter-output>
          </reporter-output>
        </test-method> <!-- postBookTicket -->
        <test-method status="PASS" signature="postDeleteTicket()[pri:0, instance:org.example.TestDeleteTicket_Ruchira@2ed94a8b]" name="postDeleteTicket" duration-ms="444" started-at="2022-06-03T13:26:29Z" finished-at="2022-06-03T13:26:29Z">
          <reporter-output>
          </reporter-output>
        </test-method> <!-- postDeleteTicket -->
        <test-method status="PASS" signature="flushReport()[pri:0, instance:org.example.TestDeleteTicket_Ruchira@2ed94a8b]" name="flushReport" is-config="true" duration-ms="265" started-at="2022-06-03T13:26:29Z" finished-at="2022-06-03T13:26:30Z">
          <reporter-output>
          </reporter-output>
        </test-method> <!-- flushReport -->
      </class> <!-- org.example.TestDeleteTicket_Ruchira -->
    </test> <!-- Surefire test -->
  </suite> <!-- Surefire suite -->
</testng-results>
